<?xml version="1.0" encoding="UTF-8"?>
<testsuite xmlns:xsi="http://www.w3.org/2001/XMLSchema-instance" xsi:noNamespaceSchemaLocation="https://maven.apache.org/surefire/maven-surefire-plugin/xsd/surefire-test-report-3.0.xsd" version="3.0" name="runner.TestRunner" time="185.485" tests="10" errors="0" skipped="0" failures="0">
  <properties>
[...]
</properties>
  <testcase name="Customer able to select milk item from grocery categories" classname="Purchase product from online" time="19.514">
    <system-out><![CDATA[
Scenario: Customer able to select milk item from grocery categories &amp#27;[90m# src/test/resources/Features/Home.feature:3&amp#27;[0m
00:52:11.613 [main] INFO  step_definition.Hooks - Launch Chrome Browser
  &amp#27;[32mGiven &amp#27;[0m&amp#27;[32mCustomer on the home page&amp#27;[0m                                   &amp#27;[90m# step_definition.Steps.navigateToHomePage()&amp#27;[0m
00:52:18.272 [main] INFO  page_objects.Home - categories item clicked
00:52:19.129 [main] INFO  page_objects.Home - Grocery item clicked
00:52:19.834 [main] INFO  page_objects.Home - Dairy item clicked
00:52:20.482 [main] INFO  page_objects.Home - Milk item clicked
  &amp#27;[32mWhen &amp#27;[0m&amp#27;[32mNavigate to milk page from categories&amp#27;[0m                        &amp#27;[90m# step_definition.Steps.navigateMilkPage()&amp#27;[0m
  &amp#27;[32mThen &amp#27;[0m&amp#27;[32mCustomer will be on Milk Page&amp#27;[0m                                &amp#27;[90m# step_definition.Steps.validate_milkPage()&amp#27;[0m
00:52:27.006 [main] INFO  step_definition.Hooks - Close Chrome Browser
]]></system-out>
    <system-err><![CDATA[SLF4J: Failed to load class "org.slf4j.impl.StaticLoggerBinder".
SLF4J: Defaulting to no-operation (NOP) logger implementation
SLF4J: See http://www.slf4j.org/codes.html#StaticLoggerBinder for further details.
Starting ChromeDriver 90.0.4430.24 (4c6d850f087da467d926e8eddb76550aed655991-refs/branch-heads/4430@{#429}) on port 28314
Only local connections are allowed.
Please see https://chromedriver.chromium.org/security-considerations for suggestions on keeping ChromeDriver safe.
ChromeDriver was started successfully.
May 15, 2021 12:52:11 AM org.openqa.selenium.remote.ProtocolHandshake createSession
INFO: Detected dialect: W3C
]]></system-err>
  </testcase>
  <testcase name="Customer able to select cheese item from grocery categories" classname="Purchase product from online" time="16.332">
    <system-out><![CDATA[
Scenario: Customer able to select cheese item from grocery categories &amp#27;[90m# src/test/resources/Features/Home.feature:10&amp#27;[0m
00:52:28.612 [main] INFO  step_definition.Hooks - Launch Chrome Browser
  &amp#27;[32mGiven &amp#27;[0m&amp#27;[32mCustomer on the home page&amp#27;[0m                                     &amp#27;[90m# step_definition.Steps.navigateToHomePage()&amp#27;[0m
00:52:36.006 [main] INFO  page_objects.Home - categories item clicked
00:52:36.867 [main] INFO  page_objects.Home - Grocery item clicked
00:52:37.495 [main] INFO  page_objects.Home - Dairy item clicked
00:52:38.369 [main] INFO  page_objects.Home - Cheese item clicked
  &amp#27;[32mWhen &amp#27;[0m&amp#27;[32mNavigate to cheese page from categories&amp#27;[0m                        &amp#27;[90m# step_definition.Steps.navigate_cheese()&amp#27;[0m
  &amp#27;[32mThen &amp#27;[0m&amp#27;[32mCustomer will be on cheese Page&amp#27;[0m                                &amp#27;[90m# step_definition.Steps.validate_cheese()&amp#27;[0m
00:52:43.434 [main] INFO  step_definition.Hooks - Close Chrome Browser
]]></system-out>
    <system-err><![CDATA[Starting ChromeDriver 90.0.4430.24 (4c6d850f087da467d926e8eddb76550aed655991-refs/branch-heads/4430@{#429}) on port 29376
Only local connections are allowed.
Please see https://chromedriver.chromium.org/security-considerations for suggestions on keeping ChromeDriver safe.
ChromeDriver was started successfully.
May 15, 2021 12:52:28 AM org.openqa.selenium.remote.ProtocolHandshake createSession
INFO: Detected dialect: W3C
]]></system-err>
  </testcase>
  <testcase name="Customer able to select yogurt item from grocery categories" classname="Purchase product from online" time="17.744">
    <system-out><![CDATA[
Scenario: Customer able to select yogurt item from grocery categories &amp#27;[90m# src/test/resources/Features/Home.feature:17&amp#27;[0m
00:52:44.816 [main] INFO  step_definition.Hooks - Launch Chrome Browser
  &amp#27;[32mGiven &amp#27;[0m&amp#27;[32mCustomer on the home page&amp#27;[0m                                     &amp#27;[90m# step_definition.Steps.navigateToHomePage()&amp#27;[0m
00:52:52.418 [main] INFO  page_objects.Home - categories item clicked
00:52:53.215 [main] INFO  page_objects.Home - Grocery item clicked
00:52:53.957 [main] INFO  page_objects.Home - Dairy item clicked
00:52:54.806 [main] INFO  page_objects.Home - Yogurt item clicked
  &amp#27;[32mWhen &amp#27;[0m&amp#27;[32mNavigate to yogurt page from categories&amp#27;[0m                        &amp#27;[90m# step_definition.Steps.navigate_yogurtPage()&amp#27;[0m
  &amp#27;[32mThen &amp#27;[0m&amp#27;[32mCustomer will be on yogurt Page&amp#27;[0m                                &amp#27;[90m# step_definition.Steps.validate_yogurt()&amp#27;[0m
00:53:01.193 [main] INFO  step_definition.Hooks - Close Chrome Browser
]]></system-out>
    <system-err><![CDATA[Starting ChromeDriver 90.0.4430.24 (4c6d850f087da467d926e8eddb76550aed655991-refs/branch-heads/4430@{#429}) on port 11638
Only local connections are allowed.
Please see https://chromedriver.chromium.org/security-considerations for suggestions on keeping ChromeDriver safe.
ChromeDriver was started successfully.
May 15, 2021 12:52:44 AM org.openqa.selenium.remote.ProtocolHandshake createSession
INFO: Detected dialect: W3C
]]></system-err>
  </testcase>
  <testcase name="Customer able to select coffee_creamer item from grocery categories" classname="Purchase product from online" time="15.539">
    <system-out><![CDATA[
Scenario: Customer able to select coffee_creamer item from grocery categories &amp#27;[90m# src/test/resources/Features/Home.feature:23&amp#27;[0m
00:53:02.530 [main] INFO  step_definition.Hooks - Launch Chrome Browser
  &amp#27;[32mGiven &amp#27;[0m&amp#27;[32mCustomer on the home page&amp#27;[0m                                             &amp#27;[90m# step_definition.Steps.navigateToHomePage()&amp#27;[0m
00:53:09.562 [main] INFO  page_objects.Home - categories item clicked
00:53:10.387 [main] INFO  page_objects.Home - Grocery item clicked
00:53:11.090 [main] INFO  page_objects.Home - Dairy item clicked
00:53:12.034 [main] INFO  page_objects.Home - Yogurt item clicked
  &amp#27;[32mWhen &amp#27;[0m&amp#27;[32mNavigate to coffee_creamer page from categories&amp#27;[0m                        &amp#27;[90m# step_definition.Steps.navigate_to_coffee_creamer_page_from_categories()&amp#27;[0m
  &amp#27;[32mThen &amp#27;[0m&amp#27;[32mCustomer will be on coffee_creamer Page&amp#27;[0m                                &amp#27;[90m# step_definition.Steps.customer_will_be_on_coffee_creamer_page()&amp#27;[0m
00:53:16.662 [main] INFO  step_definition.Hooks - Close Chrome Browser
]]></system-out>
    <system-err><![CDATA[Starting ChromeDriver 90.0.4430.24 (4c6d850f087da467d926e8eddb76550aed655991-refs/branch-heads/4430@{#429}) on port 13782
Only local connections are allowed.
Please see https://chromedriver.chromium.org/security-considerations for suggestions on keeping ChromeDriver safe.
ChromeDriver was started successfully.
May 15, 2021 12:53:02 AM org.openqa.selenium.remote.ProtocolHandshake createSession
INFO: Detected dialect: W3C
]]></system-err>
  </testcase>
  <testcase name="Customer able to select Cream_cheese item from grocery categories" classname="Purchase product from online" time="15.445">
    <system-out><![CDATA[
Scenario: Customer able to select Cream_cheese item from grocery categories &amp#27;[90m# src/test/resources/Features/Home.feature:30&amp#27;[0m
00:53:18.241 [main] INFO  step_definition.Hooks - Launch Chrome Browser
  &amp#27;[32mGiven &amp#27;[0m&amp#27;[32mCustomer on the home page&amp#27;[0m                                           &amp#27;[90m# step_definition.Steps.navigateToHomePage()&amp#27;[0m
00:53:25.925 [main] INFO  page_objects.Home - categories item clicked
00:53:26.732 [main] INFO  page_objects.Home - Grocery item clicked
00:53:27.458 [main] INFO  page_objects.Home - Dairy item clicked
00:53:28.128 [main] INFO  page_objects.Home - cream_cheese item clicked
  &amp#27;[32mWhen &amp#27;[0m&amp#27;[32mNavigate to Cream_cheese page from categories&amp#27;[0m                        &amp#27;[90m# step_definition.Steps.navigate_to_cream_cheese_page_from_categories()&amp#27;[0m
  &amp#27;[32mThen &amp#27;[0m&amp#27;[32mCustomer will be on Cream_cheese Page&amp#27;[0m                                &amp#27;[90m# step_definition.Steps.customer_will_be_on_cream_cheese_page()&amp#27;[0m
00:53:32.101 [main] INFO  step_definition.Hooks - Close Chrome Browser
]]></system-out>
    <system-err><![CDATA[Starting ChromeDriver 90.0.4430.24 (4c6d850f087da467d926e8eddb76550aed655991-refs/branch-heads/4430@{#429}) on port 13610
Only local connections are allowed.
Please see https://chromedriver.chromium.org/security-considerations for suggestions on keeping ChromeDriver safe.
ChromeDriver was started successfully.
May 15, 2021 12:53:18 AM org.openqa.selenium.remote.ProtocolHandshake createSession
INFO: Detected dialect: W3C
]]></system-err>
  </testcase>
  <testcase name="Customer able to select soap item from grocery categories" classname="Purchase product from online" time="14.668">
    <system-out><![CDATA[
Scenario: Customer able to select soap item from grocery categories &amp#27;[90m# src/test/resources/Features/Home.feature:35&amp#27;[0m
00:53:33.697 [main] INFO  step_definition.Hooks - Launch Chrome Browser
  &amp#27;[32mGiven &amp#27;[0m&amp#27;[32mCustomer on the home page&amp#27;[0m                                   &amp#27;[90m# step_definition.Steps.navigateToHomePage()&amp#27;[0m
00:53:39.745 [main] INFO  page_objects.Home - categories item clicked
00:53:40.397 [main] INFO  page_objects.Home - household item clicked
00:53:41.054 [main] INFO  page_objects.Home - Hand_soap_sanitizer_item_clicked
00:53:41.898 [main] INFO  page_objects.Home - Soap_item clicked
  &amp#27;[32mWhen &amp#27;[0m&amp#27;[32mNavigate to soap page from categories&amp#27;[0m                        &amp#27;[90m# step_definition.Steps.navigate_to_soap_page_from_categories()&amp#27;[0m
  &amp#27;[32mThen &amp#27;[0m&amp#27;[32mCustomer will be on soap Page&amp#27;[0m                                &amp#27;[90m# step_definition.Steps.customer_will_be_on_soap_page()&amp#27;[0m
00:53:46.789 [main] INFO  step_definition.Hooks - Close Chrome Browser
]]></system-out>
    <system-err><![CDATA[Starting ChromeDriver 90.0.4430.24 (4c6d850f087da467d926e8eddb76550aed655991-refs/branch-heads/4430@{#429}) on port 2301
Only local connections are allowed.
Please see https://chromedriver.chromium.org/security-considerations for suggestions on keeping ChromeDriver safe.
ChromeDriver was started successfully.
May 15, 2021 12:53:33 AM org.openqa.selenium.remote.ProtocolHandshake createSession
INFO: Detected dialect: W3C
]]></system-err>
  </testcase>
  <testcase name="Customer able to select sanitizer item from grocery categories" classname="Purchase product from online" time="16.639">
    <system-out><![CDATA[
Scenario: Customer able to select sanitizer item from grocery categories &amp#27;[90m# src/test/resources/Features/Home.feature:43&amp#27;[0m
00:53:48.380 [main] INFO  step_definition.Hooks - Launch Chrome Browser
  &amp#27;[32mGiven &amp#27;[0m&amp#27;[32mCustomer on the home page&amp#27;[0m                                        &amp#27;[90m# step_definition.Steps.navigateToHomePage()&amp#27;[0m
00:53:56.298 [main] INFO  page_objects.Home - categories item clicked
00:53:57.075 [main] INFO  page_objects.Home - household item clicked
00:53:57.759 [main] INFO  page_objects.Home - Hand_soap_sanitizer_item_clicked
00:53:58.581 [main] INFO  page_objects.Home - Sanitizer_item clicked
  &amp#27;[32mWhen &amp#27;[0m&amp#27;[32mNavigate to sanitizer page from categories&amp#27;[0m                        &amp#27;[90m# step_definition.Steps.navigate_to_sanitizer_page_from_categories()&amp#27;[0m
  &amp#27;[32mThen &amp#27;[0m&amp#27;[32mCustomer will be on sanitizer Page&amp#27;[0m                                &amp#27;[90m# step_definition.Steps.customer_will_be_on_sanitizer_page()&amp#27;[0m
00:54:03.457 [main] INFO  step_definition.Hooks - Close Chrome Browser
]]></system-out>
    <system-err><![CDATA[Starting ChromeDriver 90.0.4430.24 (4c6d850f087da467d926e8eddb76550aed655991-refs/branch-heads/4430@{#429}) on port 2305
Only local connections are allowed.
Please see https://chromedriver.chromium.org/security-considerations for suggestions on keeping ChromeDriver safe.
ChromeDriver was started successfully.
May 15, 2021 12:53:48 AM org.openqa.selenium.remote.ProtocolHandshake createSession
INFO: Detected dialect: W3C
]]></system-err>
  </testcase>
  <testcase name="Customer able to select toilet_paper item from grocery categories" classname="Purchase product from online" time="19.14">
    <system-out><![CDATA[
Scenario: Customer able to select toilet_paper item from grocery categories &amp#27;[90m# src/test/resources/Features/Home.feature:48&amp#27;[0m
00:54:04.894 [main] INFO  step_definition.Hooks - Launch Chrome Browser
  &amp#27;[32mGiven &amp#27;[0m&amp#27;[32mCustomer on the home page&amp#27;[0m                                           &amp#27;[90m# step_definition.Steps.navigateToHomePage()&amp#27;[0m
00:54:15.912 [main] INFO  page_objects.Home - categories item clicked
00:54:16.693 [main] INFO  page_objects.Home - household item clicked
00:54:17.622 [main] INFO  page_objects.Home - toilet_paper_item clicked
  &amp#27;[32mWhen &amp#27;[0m&amp#27;[32mNavigate to toilet_paper page from categories&amp#27;[0m                        &amp#27;[90m# step_definition.Steps.navigate_to_toilet_paper_page_from_categories()&amp#27;[0m
  &amp#27;[32mThen &amp#27;[0m&amp#27;[32mCustomer will be on toilet_paper Page&amp#27;[0m                                &amp#27;[90m# step_definition.Steps.customer_will_be_on_toilet_paper_page()&amp#27;[0m
00:54:22.544 [main] INFO  step_definition.Hooks - Close Chrome Browser
]]></system-out>
    <system-err><![CDATA[Starting ChromeDriver 90.0.4430.24 (4c6d850f087da467d926e8eddb76550aed655991-refs/branch-heads/4430@{#429}) on port 25691
Only local connections are allowed.
Please see https://chromedriver.chromium.org/security-considerations for suggestions on keeping ChromeDriver safe.
ChromeDriver was started successfully.
May 15, 2021 12:54:04 AM org.openqa.selenium.remote.ProtocolHandshake createSession
INFO: Detected dialect: W3C
]]></system-err>
  </testcase>
  <testcase name="Customer able to select cleaning_supplies item from grocery categories" classname="Purchase product from online" time="18.262">
    <system-out><![CDATA[
Scenario: Customer able to select cleaning_supplies item from grocery categories &amp#27;[90m# src/test/resources/Features/Home.feature:55&amp#27;[0m
00:54:24.157 [main] INFO  step_definition.Hooks - Launch Chrome Browser
  &amp#27;[32mGiven &amp#27;[0m&amp#27;[32mCustomer on the home page&amp#27;[0m                                                &amp#27;[90m# step_definition.Steps.navigateToHomePage()&amp#27;[0m
00:54:32.773 [main] INFO  page_objects.Home - categories item clicked
00:54:33.574 [main] INFO  page_objects.Home - household item clicked
00:54:34.341 [main] INFO  page_objects.Home - Cleaning_supplies_item clicked
00:54:35.206 [main] INFO  page_objects.Home - Cleaning_wipes_item clicked
  &amp#27;[32mWhen &amp#27;[0m&amp#27;[32mNavigate to cleaning_supplies page from categories&amp#27;[0m                        &amp#27;[90m# step_definition.Steps.navigate_to_cleaning_supplies_page_from_categories()&amp#27;[0m
  &amp#27;[32mThen &amp#27;[0m&amp#27;[32mCustomer will be on cleaning_supplies Page&amp#27;[0m                                &amp#27;[90m# step_definition.Steps.customer_will_be_on_cleaning_supplies_page()&amp#27;[0m
00:54:40.902 [main] INFO  step_definition.Hooks - Close Chrome Browser
]]></system-out>
    <system-err><![CDATA[Starting ChromeDriver 90.0.4430.24 (4c6d850f087da467d926e8eddb76550aed655991-refs/branch-heads/4430@{#429}) on port 16986
Only local connections are allowed.
Please see https://chromedriver.chromium.org/security-considerations for suggestions on keeping ChromeDriver safe.
ChromeDriver was started successfully.
May 15, 2021 12:54:24 AM org.openqa.selenium.remote.ProtocolHandshake createSession
INFO: Detected dialect: W3C
]]></system-err>
  </testcase>
  <testcase name="Customer able to select floor_care item from grocery categories" classname="Purchase product from online" time="28.637">
    <system-out><![CDATA[
Scenario: Customer able to select floor_care item from grocery categories &amp#27;[90m# src/test/resources/Features/Home.feature:61&amp#27;[0m
00:54:42.133 [main] INFO  step_definition.Hooks - Launch Chrome Browser
  &amp#27;[32mGiven &amp#27;[0m&amp#27;[32mCustomer on the home page&amp#27;[0m                                         &amp#27;[90m# step_definition.Steps.navigateToHomePage()&amp#27;[0m
00:54:50.408 [main] INFO  page_objects.Home - categories item clicked
00:54:51.100 [main] INFO  page_objects.Home - household item clicked
00:54:51.800 [main] INFO  page_objects.Home - Cleaning_supplies_item clicked
00:54:52.577 [main] INFO  page_objects.Home -   floor_care_item clicked
  &amp#27;[32mWhen &amp#27;[0m&amp#27;[32mNavigate to floor_care page from categories&amp#27;[0m                        &amp#27;[90m# step_definition.Steps.navigate_to_floor_care_page_from_categories()&amp#27;[0m
  &amp#27;[32mThen &amp#27;[0m&amp#27;[32mCustomer will be on floor_care Page&amp#27;[0m                                &amp#27;[90m# step_definition.Steps.customer_will_be_on_floor_care_page()&amp#27;[0m
00:55:09.456 [main] INFO  step_definition.Hooks - Close Chrome Browser
]]></system-out>
    <system-err><![CDATA[Starting ChromeDriver 90.0.4430.24 (4c6d850f087da467d926e8eddb76550aed655991-refs/branch-heads/4430@{#429}) on port 43802
Only local connections are allowed.
Please see https://chromedriver.chromium.org/security-considerations for suggestions on keeping ChromeDriver safe.
ChromeDriver was started successfully.
May 15, 2021 12:54:42 AM org.openqa.selenium.remote.ProtocolHandshake createSession
INFO: Detected dialect: W3C
]]></system-err>
  </testcase>
</testsuite>